<?xml version="1.0" encoding="UTF-8"?>
<!-- Generated by org.testng.reporters.JUnitXMLReporter -->
<testsuite hostname="LAPTOP-TK96QQBN" ignored="6" name="Smoke Test" tests="3" failures="0" timestamp="2020-09-05T12:09:11 EDT" time="32.056" errors="0">
  <testcase name="loginFormText" time="0.068" classname="com.syntax.class2.HardAssertionExample"/>
  <testcase name="logoValidation" time="0.067" classname="com.syntax.class2.HardAssertionExample"/>
  <testcase name="title" time="0.008" classname="com.syntax.class2.IssueWithoutAssertion"/>
  <testcase name="validLogin" time="0.0" classname="com.syntax.class2.Dependencies">
    <ignored/>
  </testcase> <!-- validLogin -->
  <testcase name="title" time="0.0" classname="com.syntax.class2.Dependencies">
    <ignored/>
  </testcase> <!-- title -->
  <testcase name="title" time="0.0" classname="com.syntax.class2.HardAssertionExample">
    <ignored/>
  </testcase> <!-- title -->
  <testcase name="invalidLogin" time="0.0" classname="com.syntax.class2.SoftAssertionExample">
    <ignored/>
  </testcase> <!-- invalidLogin -->
  <testcase name="testMethod" time="0.0" classname="com.syntax.class2.AllAnnotations">
    <ignored/>
  </testcase> <!-- testMethod -->
  <testcase name="invalidLogin" time="0.0" classname="com.syntax.class2.ClassTask">
    <ignored/>
  </testcase> <!-- invalidLogin -->
</testsuite> <!-- Smoke Test -->
