<?xml version="1.0" encoding="UTF-8"?>
<!-- Generated by org.testng.reporters.JUnitXMLReporter -->
<testsuite hostname="LAPTOP-TK96QQBN" ignored="0" name="Default test" tests="3" failures="0" timestamp="2020-09-03T21:29:36 EDT" time="48.424" errors="0">
  <testcase name="multipleLogin" time="2.51" classname="com.syntax.class3.LoginPageTest"/>
  <testcase name="multipleLogin" time="8.265" classname="com.syntax.class3.LoginPageTest"/>
  <testcase name="multipleLogin" time="4.688" classname="com.syntax.class3.LoginPageTest"/>
</testsuite> <!-- Default test -->
