<?xml version="1.0" encoding="UTF-8"?>
<!-- Generated by org.testng.reporters.JUnitXMLReporter -->
<testsuite hostname="LAPTOP-TK96QQBN" ignored="0" name="Default test" tests="4" failures="0" timestamp="2020-08-29T11:16:40 EDT" time="0.071" errors="0">
  <testcase name="testFour" time="0.011" classname="com.syntax.class1.TestNGIntro"/>
  <testcase name="testOne" time="0.001" classname="com.syntax.class1.TestNGIntro"/>
  <testcase name="testThree" time="0.001" classname="com.syntax.class1.TestNGIntro"/>
  <testcase name="testTwo" time="0.001" classname="com.syntax.class1.TestNGIntro"/>
</testsuite> <!-- Default test -->
